2024-06-04T08:25:19.165Z GET /ads
2024-06-04T08:25:34.609Z GET /heartbeat
2024-06-04T08:25:45.428Z GET /ads/665ec8b72d1deef1d3efbe53
2024-06-04T08:28:44.286Z POST /ads/add
2024-06-04T09:13:45.904Z GET /something
2024-06-04T09:14:03.250Z GET /
2024-06-04T09:15:53.649Z GET /something
2024-06-04T09:16:17.873Z GET /something
2024-06-04T09:16:36.595Z GET /
2024-06-04T09:17:20.652Z GET /something
2024-06-04T09:17:25.525Z GET /
2024-06-04T09:17:25.547Z GET /favicon.ico
2024-06-04T09:18:17.384Z GET /
2024-06-04T09:18:25.679Z GET /ads
2024-06-04T09:18:33.382Z GET /
2024-06-04T09:18:38.434Z GET /
2024-06-04T09:20:45.668Z GET /something
2024-06-04T09:27:21.502Z GET /something
2024-06-04T15:35:43.737Z GET /ads/search
2024-06-04T15:36:08.544Z GET /ads/search?category=Automotive
2024-06-04T15:36:16.707Z GET /heartbeat
2024-06-04T15:36:41.103Z GET /ads/665f0894c135da160dd8bae3
2024-06-04T15:38:21.950Z POST /ads/add
2024-06-04T15:38:49.939Z POST /ads/add
2024-06-04T15:39:44.370Z POST /ads/add
2024-06-06T07:46:17.540Z GET /ads/search?category=Art&author=John
2024-06-06T07:47:05.411Z GET /ads/search
2024-06-06T07:49:44.898Z GET /ads/search?isAScam=true&author=John
2024-06-06T07:50:03.952Z GET /ads/search?category=Art
2024-06-06T07:51:46.215Z POST /ads/add
2024-06-06T07:53:09.471Z PUT /ads/665f0894c135da160dd8bae3
2024-06-06T13:30:20.476Z GET /ads/search
2024-06-06T13:30:36.508Z GET /ads/search?category=Art
2024-06-06T13:30:55.341Z GET /ads/search?category=Art&author=Jane&price=100
2024-06-06T13:31:04.195Z GET /ads/search?category=Art&isAScam=true&author=Jane&price=100
2024-06-06T13:32:53.101Z GET /ads
2024-06-06T13:33:05.777Z GET /ads
2024-06-06T13:33:41.606Z GET /ads/665f0894c135da160dd8bae3
2024-06-06T13:33:52.394Z GET /ads/665f0894c135da160dd8bae3
2024-06-06T13:33:55.148Z GET /ads/665f0894c135da160dd8bae3
2024-06-06T13:34:04.502Z GET /ads/665f0894c135da160dd8bae3
2024-06-06T13:34:09.375Z GET /ads/665f0894c135da160dd8bae3
2024-06-06T13:35:10.724Z POST /ads/add
2024-06-06T13:35:18.647Z POST /ads/add
2024-06-06T13:35:25.498Z POST /ads/add
2024-06-06T13:35:52.531Z POST /ads/add
2024-06-06T13:36:05.690Z POST /ads/add
2024-06-06T13:37:12.686Z PUT /ads/6661bb45db61654b425e85ad
2024-06-06T13:37:22.166Z PUT /ads/6661bb45db61654b425e85ad
2024-06-06T13:37:32.822Z PUT /ads/6661bb45db61654b425e85ad
2024-06-06T13:38:26.065Z PUT /ads/6661bb45db61654b425e85ad
2024-06-06T13:38:57.339Z PUT /ads/6661bb45db61654b425e85ad
2024-06-06T13:41:56.421Z PUT /ads/6661bb45db61654b425e85ad
2024-06-06T13:45:01.656Z PUT /ads/6661bb45db61654b425e85ad
2024-06-06T13:45:59.023Z PUT /ads/6661bb45db61654b425e85ad
2024-06-06T13:46:12.632Z PUT /ads/6661bb45db61654b425e85ad
2024-06-06T13:46:31.807Z DELETE /ads/6661bb45db61654b425e85ad
2024-06-06T13:46:37.863Z DELETE /ads/6661bb45db61654b425e85ad
2024-06-06T13:46:39.710Z DELETE /ads/6661bb45db61654b425e85ad
2024-06-06T13:46:45.060Z DELETE /ads/6661bb45db61654b425e85ad
2024-06-06T13:46:51.271Z DELETE /ads/6661bb45db61654b425e85ad
2024-06-06T13:47:10.002Z GET /heartbeat
2024-06-06T13:47:24.086Z GET /something
2024-06-06T13:47:30.348Z GET /ads
2024-06-06T13:47:37.024Z GET /something
2024-06-06T13:49:54.893Z GET /ads
2024-06-06T13:50:11.092Z GET /ads/665f0894c135da160dd8bae3
2024-06-06T13:52:37.617Z POST /ads/add
2024-06-06T13:54:06.764Z POST /ads/add
2024-06-06T13:55:19.732Z POST /ads/add
2024-06-06T13:55:33.913Z POST /ads/add
2024-06-06T13:57:16.239Z PUT /ads/6661bfd58b22c12ef4a41add
2024-06-06T13:57:38.125Z PUT /ads/6661bfd58b22c12ef4a41add
2024-06-06T13:57:49.229Z PUT /ads/6661bfd58b22c12ef4a41add
2024-06-06T13:58:09.790Z PUT /ads/6661bfd58b22c12ef4a41add
2024-06-06T13:59:33.779Z PUT /ads/6661bfd58b22c12ef4a41add
2024-06-06T14:00:08.293Z PUT /ads/6661bfd58b22c12ef4a41add
2024-06-06T14:00:35.753Z DELETE /ads/6661bfd58b22c12ef4a41add
2024-06-06T14:01:03.378Z GET /ads/6661bf7e8b22c12ef4a41adc
2024-06-06T14:01:30.697Z PUT /ads/6661bfd58b22c12ef4a41add
2024-06-06T14:01:57.364Z GET /ads
2024-06-06T14:02:13.470Z PUT /ads/6661bfd58b22c12ef4a41add
2024-06-06T14:03:44.872Z PUT /ads/6661bfd58b22c12ef4a41add
2024-06-06T14:04:22.751Z PUT /ads/6661bf7e8b22c12ef4a41adc
2024-06-06T14:05:04.009Z PUT /ads/6661bf7e8b22c12ef4a41adc
2024-06-06T14:05:14.005Z PUT /ads/6661bf7e8b22c12ef4a41adc
2024-06-06T14:11:28.866Z PUT /ads/6661bf7e8b22c12ef4a41adc
2024-06-06T14:11:50.041Z PUT /ads/6661bf7e8b22c12ef4a41adc
2024-06-06T14:12:28.385Z PUT /ads/6661bf7e8b22c12ef4a41adc
2024-06-06T14:12:52.107Z DELETE /ads/6661bfd58b22c12ef4a41add
2024-06-06T14:13:18.369Z DELETE /ads/6661bf7e8b22c12ef4a41adc
2024-06-06T14:13:32.092Z GET /heartbeat
2024-06-06T14:13:34.772Z GET /something
2024-06-06T14:13:55.355Z POST /ads/add
2024-06-06T14:16:03.763Z POST /ads/add
2024-06-06T14:18:35.005Z POST /ads/add
2024-06-06T14:19:06.895Z POST /ads/add
2024-06-06T14:20:33.280Z GET /ads/search?author=Jane
2024-06-06T14:20:43.190Z GET /ads/search?author=Jane&price=499
2024-06-06T14:20:48.802Z GET /ads/search?category=Art&author=Jane&price=499
2024-06-06T14:20:56.383Z GET /ads/search?category=Technology&author=Jane&price=499
2024-06-06T14:21:02.441Z GET /ads/search
2024-06-06T14:23:49.416Z GET /asgfasg
2024-06-06T14:27:03.099Z POST /ads/add
2024-06-06T14:27:17.790Z GET /ads
2024-06-06T14:28:01.963Z GET /ads/6661c737f298ea007c0bc592
2024-06-06T14:28:12.547Z GET /ads/6661c737f298ea007c0bc592
2024-06-06T14:28:18.166Z GET /ads/6661c737f298ea007c0bc592
2024-06-06T14:28:23.151Z GET /ads/6661c737f298ea007c0bc592
2024-06-06T14:28:28.140Z GET /ads/6661c737f298ea007c0bc592
2024-06-06T14:28:41.655Z GET /ads/search
2024-06-06T14:28:49.731Z GET /ads/search?category=Real%20Estate
2024-06-06T14:28:59.096Z GET /ads/search?category=Real%20Estate&author=John
2024-06-06T14:29:06.533Z GET /ads/search?category=Real%20Estate&author=John&title=Ferrari
2024-06-06T14:29:13.269Z GET /ads/search
2024-06-06T14:29:33.811Z PUT /ads/6661c737f298ea007c0bc592
2024-06-06T14:30:00.672Z PUT /ads/6661c737f298ea007c0bc592
2024-06-06T14:30:19.235Z PUT /ads/6661c737f298ea007c0bc592
2024-06-06T14:31:46.538Z PUT /ads/6661c737f298ea007c0bc592
2024-06-06T14:32:28.413Z PUT /ads/6661c737f298ea007c0bc592
2024-06-06T14:32:35.233Z PUT /ads/6661c737f298ea007c0bc592
2024-06-06T14:33:04.542Z PUT /ads/6661c737f298ea007c0bc592
2024-06-06T14:33:55.818Z DELETE /ads/6661c737f298ea007c0bc592
2024-06-06T14:34:00.791Z GET /ads
2024-06-06T14:34:04.382Z GET /heartbeat
2024-06-06T14:34:07.060Z GET /something
2024-06-06T14:49:43.988Z GET /ads
2024-06-06T14:50:02.072Z PUT /ads/6661c55aad5e8fc04f8a43c8
2024-06-06T14:55:18.036Z GET /ads
2024-06-06T14:55:39.896Z GET /ads/search
2024-06-06T14:55:58.337Z GET /ads/search?category=Real%20Estate&author=John
2024-06-06T14:56:20.621Z GET /ads/search?category=Cars&author=John&title=Ferrari%20Enzo
2024-06-06T14:56:33.306Z GET /ads/search?category=Cars&isAScam=true&author=John&title=Ferrari%20Enzo
2024-06-06T14:57:13.685Z GET /ads/6661c55aad5e8fc04f8a43c8
2024-06-06T14:57:21.047Z GET /ads/6661c55aad5e8fc04f8a43c8
2024-06-06T14:57:23.133Z GET /ads/6661c55aad5e8fc04f8a43c8
2024-06-06T14:57:30.065Z GET /ads/6661c55aad5e8fc04f8a43c8
2024-06-06T14:57:36.932Z GET /ads/6661c55aad5e8fc04f8a43c8
2024-06-06T14:57:47.809Z GET /ads/6661c55aad5e8fc04f8a43c8d
2024-06-06T14:58:36.022Z POST /ads/add
2024-06-06T14:58:49.154Z POST /ads/add
2024-06-06T14:59:04.746Z POST /ads/add
2024-06-06T15:00:14.063Z POST /ads/add
2024-06-06T15:00:58.680Z POST /ads/add
2024-06-06T15:01:48.535Z GET /ads
2024-06-06T15:02:08.298Z PUT /ads/6661c55aad5e8fc04f8a43c8
2024-06-06T15:02:39.928Z PUT /ads/6661c55aad5e8fc04f8a43c8
2024-06-06T15:03:00.495Z PUT /ads/6661c55aad5e8fc04f8a43c8
2024-06-06T15:03:55.589Z DELETE /ads/6661c55aad5e8fc04f8a43c8
2024-06-06T15:04:02.685Z DELETE /ads/6661c55aad5e8fc04f8a43c8
2024-06-06T15:04:08.401Z DELETE /ads/6661c55aad5e8fc04f8a43c8
2024-06-06T15:04:24.696Z GET /heartbeat
2024-06-06T15:04:30.084Z GET /something
